<?xml version="1.0" ?><testsuite name="com.ldpst.beans.CheckerBeanTest" time="0.2" timestamp="2026-05-08T10:54:52" tests="24" failures="0" skipped="0" aborted="0"><properties>
[...]
</properties><testcase classname="com.ldpst.beans.CheckerBeanTest" name="testCheck(boolean, BigDecimal, BigDecimal, BigDecimal)[20]" time="0.001"></testcase><testcase classname="com.ldpst.beans.CheckerBeanTest" name="testCheck(boolean, BigDecimal, BigDecimal, BigDecimal)[1]" time="0.031"></testcase><testcase classname="com.ldpst.beans.CheckerBeanTest" name="testCheck(boolean, BigDecimal, BigDecimal, BigDecimal)[2]" time="0.001"></testcase><testcase classname="com.ldpst.beans.CheckerBeanTest" name="testCheck(boolean, BigDecimal, BigDecimal, BigDecimal)[3]" time="0.001"></testcase><testcase classname="com.ldpst.beans.CheckerBeanTest" name="testCheck(boolean, BigDecimal, BigDecimal, BigDecimal)[4]" time="0.001"></testcase><testcase classname="com.ldpst.beans.CheckerBeanTest" name="testCheck(boolean, BigDecimal, BigDecimal, BigDecimal)[22]" time="0.001"></testcase><testcase classname="com.ldpst.beans.CheckerBeanTest" name="testCheck(boolean, BigDecimal, BigDecimal, BigDecimal)[21]" time="0.0"></testcase><testcase classname="com.ldpst.beans.CheckerBeanTest" name="testCheck(boolean, BigDecimal, BigDecimal, BigDecimal)[24]" time="0.0"></testcase><testcase classname="com.ldpst.beans.CheckerBeanTest" name="testCheck(boolean, BigDecimal, BigDecimal, BigDecimal)[23]" time="0.001"></testcase><testcase classname="com.ldpst.beans.CheckerBeanTest" name="testCheck(boolean, BigDecimal, BigDecimal, BigDecimal)[9]" time="0.0"></testcase><testcase classname="com.ldpst.beans.CheckerBeanTest" name="testCheck(boolean, BigDecimal, BigDecimal, BigDecimal)[5]" time="0.001"></testcase><testcase classname="com.ldpst.beans.CheckerBeanTest" name="testCheck(boolean, BigDecimal, BigDecimal, BigDecimal)[6]" time="0.002"></testcase><testcase classname="com.ldpst.beans.CheckerBeanTest" name="testCheck(boolean, BigDecimal, BigDecimal, BigDecimal)[7]" time="0.001"></testcase><testcase classname="com.ldpst.beans.CheckerBeanTest" name="testCheck(boolean, BigDecimal, BigDecimal, BigDecimal)[8]" time="0.001"></testcase><testcase classname="com.ldpst.beans.CheckerBeanTest" name="testCheck(boolean, BigDecimal, BigDecimal, BigDecimal)[19]" time="0.0"></testcase><testcase classname="com.ldpst.beans.CheckerBeanTest" name="testCheck(boolean, BigDecimal, BigDecimal, BigDecimal)[18]" time="0.0"></testcase><testcase classname="com.ldpst.beans.CheckerBeanTest" name="testCheck(boolean, BigDecimal, BigDecimal, BigDecimal)[15]" time="0.0"></testcase><testcase classname="com.ldpst.beans.CheckerBeanTest" name="testCheck(boolean, BigDecimal, BigDecimal, BigDecimal)[14]" time="0.001"></testcase><testcase classname="com.ldpst.beans.CheckerBeanTest" name="testCheck(boolean, BigDecimal, BigDecimal, BigDecimal)[17]" time="0.001"></testcase><testcase classname="com.ldpst.beans.CheckerBeanTest" name="testCheck(boolean, BigDecimal, BigDecimal, BigDecimal)[16]" time="0.0"></testcase><testcase classname="com.ldpst.beans.CheckerBeanTest" name="testCheck(boolean, BigDecimal, BigDecimal, BigDecimal)[11]" time="0.001"></testcase><testcase classname="com.ldpst.beans.CheckerBeanTest" name="testCheck(boolean, BigDecimal, BigDecimal, BigDecimal)[10]" time="0.0"></testcase><testcase classname="com.ldpst.beans.CheckerBeanTest" name="testCheck(boolean, BigDecimal, BigDecimal, BigDecimal)[13]" time="0.001"></testcase><testcase classname="com.ldpst.beans.CheckerBeanTest" name="testCheck(boolean, BigDecimal, BigDecimal, BigDecimal)[12]" time="0.0"></testcase><system-out>Checking: x=-0.5, y=-1, r=1
Results - Triangle: false, Rectangle: true, Circle: false, Final: true
Checking: x=-0.5, y=0, r=1
Results - Triangle: false, Rectangle: true, Circle: true, Final: true
Checking: x=-0.3, y=0.3, r=1
Results - Triangle: false, Rectangle: false, Circle: true, Final: true
Checking: x=0, y=0.5, r=1
Results - Triangle: false, Rectangle: false, Circle: true, Final: true
Checking: x=1, y=0, r=1
Results - Triangle: true, Rectangle: false, Circle: false, Final: true
Checking: x=0.5, y=-0.5, r=1
Results - Triangle: true, Rectangle: false, Circle: false, Final: true
Checking: x=0, y=-1, r=1
Results - Triangle: true, Rectangle: true, Circle: false, Final: true
Checking: x=-0.25, y=-0.5, r=1
Results - Triangle: false, Rectangle: true, Circle: false, Final: true
Checking: x=-0.25, y=0.25, r=1
Results - Triangle: false, Rectangle: false, Circle: true, Final: true
Checking: x=-0.6, y=0.6, r=1
Results - Triangle: false, Rectangle: false, Circle: false, Final: false
Checking: x=0.1, y=0.1, r=1
Results - Triangle: false, Rectangle: false, Circle: false, Final: false
Checking: x=0.6, y=-0.6, r=1
Results - Triangle: false, Rectangle: false, Circle: false, Final: false
Checking: x=-1.25, y=-2.5, r=2.5
Results - Triangle: false, Rectangle: true, Circle: false, Final: true
Checking: x=-1.25, y=0, r=2.5
Results - Triangle: false, Rectangle: true, Circle: true, Final: true
Checking: x=-1.0, y=1.0, r=2.5
Results - Triangle: false, Rectangle: false, Circle: false, Final: false
Checking: x=0, y=1.25, r=2.5
Results - Triangle: false, Rectangle: false, Circle: true, Final: true
Checking: x=2.5, y=0, r=2.5
Results - Triangle: true, Rectangle: false, Circle: false, Final: true
Checking: x=1.25, y=-1.25, r=2.5
Results - Triangle: true, Rectangle: false, Circle: false, Final: true
Checking: x=0, y=-2.5, r=2.5
Results - Triangle: true, Rectangle: true, Circle: false, Final: true
Checking: x=-0.625, y=-1.25, r=2.5
Results - Triangle: false, Rectangle: true, Circle: false, Final: true
Checking: x=-0.625, y=0.625, r=2.5
Results - Triangle: false, Rectangle: false, Circle: true, Final: true
Checking: x=-1.5, y=1.5, r=2.5
Results - Triangle: false, Rectangle: false, Circle: false, Final: false
Checking: x=0.25, y=0.25, r=2.5
Results - Triangle: false, Rectangle: false, Circle: false, Final: false
Checking: x=1.5, y=-1.5, r=2.5
Results - Triangle: false, Rectangle: false, Circle: false, Final: false
</system-out></testsuite>